2022-02-04 07:32:05,338 - Log4JLogChute initialized using file 'target/velocity.log'
2022-02-04 07:32:05,339 - Initializing Velocity, Calling init()...
2022-02-04 07:32:05,339 - Starting Apache Velocity v1.7 (compiled: 2010-11-19 12:14:37)
2022-02-04 07:32:05,339 - Default Properties File: org/apache/velocity/runtime/defaults/velocity.properties
2022-02-04 07:32:05,339 - Trying to use logger class org.apache.velocity.runtime.log.AvalonLogChute
2022-02-04 07:32:05,339 - Target log system for org.apache.velocity.runtime.log.AvalonLogChute is not available (java.lang.NoClassDefFoundError: org/apache/log/format/Formatter).  Falling back to next log system...
2022-02-04 07:32:05,339 - Trying to use logger class org.apache.velocity.runtime.log.Log4JLogChute
2022-02-04 07:32:05,339 - Using logger class org.apache.velocity.runtime.log.Log4JLogChute
2022-02-04 07:32:05,340 - ResourceLoader instantiated: org.apache.velocity.runtime.resource.loader.ClasspathResourceLoader
2022-02-04 07:32:05,350 - ResourceCache: initialized (class org.apache.velocity.runtime.resource.ResourceCacheImpl) with class java.util.Collections$SynchronizedMap cache map.
2022-02-04 07:32:05,351 - Loaded System Directive: org.apache.velocity.runtime.directive.Stop
2022-02-04 07:32:05,352 - Loaded System Directive: org.apache.velocity.runtime.directive.Define
2022-02-04 07:32:05,352 - Loaded System Directive: org.apache.velocity.runtime.directive.Break
2022-02-04 07:32:05,353 - Loaded System Directive: org.apache.velocity.runtime.directive.Evaluate
2022-02-04 07:32:05,353 - Loaded System Directive: org.apache.velocity.runtime.directive.Literal
2022-02-04 07:32:05,354 - Loaded System Directive: org.apache.velocity.runtime.directive.Macro
2022-02-04 07:32:05,355 - Loaded System Directive: org.apache.velocity.runtime.directive.Parse
2022-02-04 07:32:05,356 - Loaded System Directive: org.apache.velocity.runtime.directive.Include
2022-02-04 07:32:05,356 - Loaded System Directive: org.apache.velocity.runtime.directive.Foreach
2022-02-04 07:32:05,376 - Created '20' parsers.
2022-02-04 07:32:05,381 - Velocimacro : "velocimacro.library" is not set.  Trying default library: VM_global_library.vm
2022-02-04 07:32:05,381 - Could not load resource 'VM_global_library.vm' from ResourceLoader org.apache.velocity.runtime.resource.loader.ClasspathResourceLoader: ClasspathResourceLoader Error: cannot find resource VM_global_library.vm
2022-02-04 07:32:05,381 - Velocimacro : Default library not found.
2022-02-04 07:32:05,382 - Velocimacro : allowInline = true : VMs can be defined inline in templates
2022-02-04 07:32:05,382 - Velocimacro : allowInlineToOverride = false : VMs defined inline may NOT replace previous VM definitions
2022-02-04 07:32:05,382 - Velocimacro : allowInlineLocal = false : VMs defined inline will be global in scope if allowed.
2022-02-04 07:32:05,382 - Velocimacro : autoload off : VM system will not automatically reload global library macros
2022-02-04 07:32:05,481 - ResourceManager : found templates/generators/errorpage.vm with loader org.apache.velocity.runtime.resource.loader.ClasspathResourceLoader
2022-02-04 07:32:05,483 - ResourceManager : found /templates/headers.vm with loader org.apache.velocity.runtime.resource.loader.ClasspathResourceLoader
2022-02-04 07:32:05,484 - ResourceManager : found /templates/head.vm with loader org.apache.velocity.runtime.resource.loader.ClasspathResourceLoader
2022-02-04 07:32:05,485 - Velocimacro : added VM stringArray: source=/templates/macros/array.js.vm
2022-02-04 07:32:05,485 - Velocimacro : added VM numberArray: source=/templates/macros/array.js.vm
2022-02-04 07:32:05,485 - ResourceManager : found /templates/macros/array.js.vm with loader org.apache.velocity.runtime.resource.loader.ClasspathResourceLoader
2022-02-04 07:32:05,486 - Velocimacro : added VM includeBuildInfo: source=/templates/macros/page/buildinfo.vm
2022-02-04 07:32:05,486 - ResourceManager : found /templates/macros/page/buildinfo.vm with loader org.apache.velocity.runtime.resource.loader.ClasspathResourceLoader
2022-02-04 07:32:05,489 - Velocimacro : added VM includeClassifications: source=/templates/macros/page/classifications.vm
2022-02-04 07:32:05,489 - ResourceManager : found /templates/macros/page/classifications.vm with loader org.apache.velocity.runtime.resource.loader.ClasspathResourceLoader
2022-02-04 07:32:05,490 - Velocimacro : added VM includeLead: source=/templates/macros/page/lead.vm
2022-02-04 07:32:05,490 - ResourceManager : found /templates/macros/page/lead.vm with loader org.apache.velocity.runtime.resource.loader.ClasspathResourceLoader
2022-02-04 07:32:05,492 - Velocimacro : added VM includeNavigation: source=/templates/macros/page/navigation.vm
2022-02-04 07:32:05,492 - ResourceManager : found /templates/macros/page/navigation.vm with loader org.apache.velocity.runtime.resource.loader.ClasspathResourceLoader
2022-02-04 07:32:05,494 - Velocimacro : added VM includeReportInfo: source=/templates/macros/page/reportInfo.vm
2022-02-04 07:32:05,495 - ResourceManager : found /templates/macros/page/reportInfo.vm with loader org.apache.velocity.runtime.resource.loader.ClasspathResourceLoader
2022-02-04 07:32:05,496 - Velocimacro : added VM includeTitle: source=/templates/macros/page/title.vm
2022-02-04 07:32:05,496 - ResourceManager : found /templates/macros/page/title.vm with loader org.apache.velocity.runtime.resource.loader.ClasspathResourceLoader
2022-02-04 07:32:05,496 - Velocimacro : added VM includeExpandingButtons: source=/templates/macros/report/expandAllButtons.vm
2022-02-04 07:32:05,496 - ResourceManager : found /templates/macros/report/expandAllButtons.vm with loader org.apache.velocity.runtime.resource.loader.ClasspathResourceLoader
2022-02-04 07:32:05,501 - Velocimacro : added VM includeReportTable: source=/templates/macros/report/reportTable.vm
2022-02-04 07:32:05,501 - ResourceManager : found /templates/macros/report/reportTable.vm with loader org.apache.velocity.runtime.resource.loader.ClasspathResourceLoader
2022-02-04 07:32:05,503 - Velocimacro : added VM includeReportHeader: source=/templates/macros/report/reportHeader.vm
2022-02-04 07:32:05,503 - ResourceManager : found /templates/macros/report/reportHeader.vm with loader org.apache.velocity.runtime.resource.loader.ClasspathResourceLoader
2022-02-04 07:32:05,508 - Velocimacro : added VM includeStatsTable: source=/templates/macros/report/statsTable.vm
2022-02-04 07:32:05,508 - ResourceManager : found /templates/macros/report/statsTable.vm with loader org.apache.velocity.runtime.resource.loader.ClasspathResourceLoader
2022-02-04 07:32:05,509 - Velocimacro : added VM includeBrief: source=/templates/macros/json/brief.vm
2022-02-04 07:32:05,510 - ResourceManager : found /templates/macros/json/brief.vm with loader org.apache.velocity.runtime.resource.loader.ClasspathResourceLoader
2022-02-04 07:32:05,510 - Velocimacro : added VM includeDocString: source=/templates/macros/json/docstring.vm
2022-02-04 07:32:05,511 - ResourceManager : found /templates/macros/json/docstring.vm with loader org.apache.velocity.runtime.resource.loader.ClasspathResourceLoader
2022-02-04 07:32:05,512 - Velocimacro : added VM includeDuration: source=/templates/macros/json/duration.vm
2022-02-04 07:32:05,512 - ResourceManager : found /templates/macros/json/duration.vm with loader org.apache.velocity.runtime.resource.loader.ClasspathResourceLoader
2022-02-04 07:32:05,515 - Velocimacro : added VM includeElement: source=/templates/macros/json/element.vm
2022-02-04 07:32:05,515 - ResourceManager : found /templates/macros/json/element.vm with loader org.apache.velocity.runtime.resource.loader.ClasspathResourceLoader
2022-02-04 07:32:05,526 - Velocimacro : added VM includeEmbeddings: source=/templates/macros/json/embeddings.vm
2022-02-04 07:32:05,526 - Velocimacro : added VM includeHtmlEmbedding: source=/templates/macros/json/embeddings.vm
2022-02-04 07:32:05,526 - Velocimacro : added VM includeVideoEmbedding: source=/templates/macros/json/embeddings.vm
2022-02-04 07:32:05,527 - Velocimacro : added VM includeImageEmbedding: source=/templates/macros/json/embeddings.vm
2022-02-04 07:32:05,527 - Velocimacro : added VM includeImageReferenceEmbedding: source=/templates/macros/json/embeddings.vm
2022-02-04 07:32:05,527 - Velocimacro : added VM includeTextEmbedding: source=/templates/macros/json/embeddings.vm
2022-02-04 07:32:05,527 - Velocimacro : added VM includeUnknownEmbedding: source=/templates/macros/json/embeddings.vm
2022-02-04 07:32:05,527 - ResourceManager : found /templates/macros/json/embeddings.vm with loader org.apache.velocity.runtime.resource.loader.ClasspathResourceLoader
2022-02-04 07:32:05,530 - Velocimacro : added VM includeHooks: source=/templates/macros/json/hooks.vm
2022-02-04 07:32:05,530 - ResourceManager : found /templates/macros/json/hooks.vm with loader org.apache.velocity.runtime.resource.loader.ClasspathResourceLoader
2022-02-04 07:32:05,533 - Velocimacro : added VM includeOutput: source=/templates/macros/json/output.vm
2022-02-04 07:32:05,533 - ResourceManager : found /templates/macros/json/output.vm with loader org.apache.velocity.runtime.resource.loader.ClasspathResourceLoader
2022-02-04 07:32:05,535 - Velocimacro : added VM includeMessage: source=/templates/macros/json/message.vm
2022-02-04 07:32:05,535 - ResourceManager : found /templates/macros/json/message.vm with loader org.apache.velocity.runtime.resource.loader.ClasspathResourceLoader
2022-02-04 07:32:05,538 - Velocimacro : added VM includeSteps: source=/templates/macros/json/steps.vm
2022-02-04 07:32:05,538 - ResourceManager : found /templates/macros/json/steps.vm with loader org.apache.velocity.runtime.resource.loader.ClasspathResourceLoader
2022-02-04 07:32:05,539 - Velocimacro : added VM includeStepName: source=/templates/macros/json/stepName.vm
2022-02-04 07:32:05,539 - ResourceManager : found /templates/macros/json/stepName.vm with loader org.apache.velocity.runtime.resource.loader.ClasspathResourceLoader
2022-02-04 07:32:05,540 - Velocimacro : added VM includeTags: source=/templates/macros/json/tags.vm
2022-02-04 07:32:05,540 - ResourceManager : found /templates/macros/json/tags.vm with loader org.apache.velocity.runtime.resource.loader.ClasspathResourceLoader
2022-02-04 07:32:05,552 - VM #includeNavigation: too few arguments to macro. Wanted 1 got 0
2022-02-04 07:32:05,554 - Left side ($active_tab) of '==' operation has null value. If it is a reference, it may not be in the context or its toString() returned null. /templates/macros/page/navigation.vm[line 14, column 51]
2022-02-04 07:32:05,554 - Left side ($active_tab) of '==' operation has null value. If it is a reference, it may not be in the context or its toString() returned null. /templates/macros/page/navigation.vm[line 15, column 51]
2022-02-04 07:32:05,554 - Left side ($active_tab) of '==' operation has null value. If it is a reference, it may not be in the context or its toString() returned null. /templates/macros/page/navigation.vm[line 16, column 51]
2022-02-04 07:32:05,554 - Left side ($active_tab) of '==' operation has null value. If it is a reference, it may not be in the context or its toString() returned null. /templates/macros/page/navigation.vm[line 20, column 51]
2022-02-04 07:32:05,575 - ResourceManager : found /templates/footer.vm with loader org.apache.velocity.runtime.resource.loader.ClasspathResourceLoader
2022-02-08 07:43:50,461 - Log4JLogChute initialized using file 'target/velocity.log'
2022-02-08 07:43:50,463 - Initializing Velocity, Calling init()...
2022-02-08 07:43:50,463 - Starting Apache Velocity v1.7 (compiled: 2010-11-19 12:14:37)
2022-02-08 07:43:50,463 - Default Properties File: org/apache/velocity/runtime/defaults/velocity.properties
2022-02-08 07:43:50,463 - Trying to use logger class org.apache.velocity.runtime.log.AvalonLogChute
2022-02-08 07:43:50,463 - Target log system for org.apache.velocity.runtime.log.AvalonLogChute is not available (java.lang.NoClassDefFoundError: org/apache/log/format/Formatter).  Falling back to next log system...
2022-02-08 07:43:50,463 - Trying to use logger class org.apache.velocity.runtime.log.Log4JLogChute
2022-02-08 07:43:50,463 - Using logger class org.apache.velocity.runtime.log.Log4JLogChute
2022-02-08 07:43:50,464 - ResourceLoader instantiated: org.apache.velocity.runtime.resource.loader.ClasspathResourceLoader
2022-02-08 07:43:50,471 - ResourceCache: initialized (class org.apache.velocity.runtime.resource.ResourceCacheImpl) with class java.util.Collections$SynchronizedMap cache map.
2022-02-08 07:43:50,472 - Loaded System Directive: org.apache.velocity.runtime.directive.Stop
2022-02-08 07:43:50,473 - Loaded System Directive: org.apache.velocity.runtime.directive.Define
2022-02-08 07:43:50,473 - Loaded System Directive: org.apache.velocity.runtime.directive.Break
2022-02-08 07:43:50,474 - Loaded System Directive: org.apache.velocity.runtime.directive.Evaluate
2022-02-08 07:43:50,474 - Loaded System Directive: org.apache.velocity.runtime.directive.Literal
2022-02-08 07:43:50,474 - Loaded System Directive: org.apache.velocity.runtime.directive.Macro
2022-02-08 07:43:50,475 - Loaded System Directive: org.apache.velocity.runtime.directive.Parse
2022-02-08 07:43:50,476 - Loaded System Directive: org.apache.velocity.runtime.directive.Include
2022-02-08 07:43:50,476 - Loaded System Directive: org.apache.velocity.runtime.directive.Foreach
2022-02-08 07:43:50,497 - Created '20' parsers.
2022-02-08 07:43:50,500 - Velocimacro : "velocimacro.library" is not set.  Trying default library: VM_global_library.vm
2022-02-08 07:43:50,500 - Could not load resource 'VM_global_library.vm' from ResourceLoader org.apache.velocity.runtime.resource.loader.ClasspathResourceLoader: ClasspathResourceLoader Error: cannot find resource VM_global_library.vm
2022-02-08 07:43:50,500 - Velocimacro : Default library not found.
2022-02-08 07:43:50,501 - Velocimacro : allowInline = true : VMs can be defined inline in templates
2022-02-08 07:43:50,501 - Velocimacro : allowInlineToOverride = false : VMs defined inline may NOT replace previous VM definitions
2022-02-08 07:43:50,501 - Velocimacro : allowInlineLocal = false : VMs defined inline will be global in scope if allowed.
2022-02-08 07:43:50,501 - Velocimacro : autoload off : VM system will not automatically reload global library macros
2022-02-08 07:43:50,564 - ResourceManager : found templates/generators/errorpage.vm with loader org.apache.velocity.runtime.resource.loader.ClasspathResourceLoader
2022-02-08 07:43:50,567 - ResourceManager : found /templates/headers.vm with loader org.apache.velocity.runtime.resource.loader.ClasspathResourceLoader
2022-02-08 07:43:50,567 - ResourceManager : found /templates/head.vm with loader org.apache.velocity.runtime.resource.loader.ClasspathResourceLoader
2022-02-08 07:43:50,569 - Velocimacro : added VM stringArray: source=/templates/macros/array.js.vm
2022-02-08 07:43:50,569 - Velocimacro : added VM numberArray: source=/templates/macros/array.js.vm
2022-02-08 07:43:50,569 - ResourceManager : found /templates/macros/array.js.vm with loader org.apache.velocity.runtime.resource.loader.ClasspathResourceLoader
2022-02-08 07:43:50,570 - Velocimacro : added VM includeBuildInfo: source=/templates/macros/page/buildinfo.vm
2022-02-08 07:43:50,570 - ResourceManager : found /templates/macros/page/buildinfo.vm with loader org.apache.velocity.runtime.resource.loader.ClasspathResourceLoader
2022-02-08 07:43:50,572 - Velocimacro : added VM includeClassifications: source=/templates/macros/page/classifications.vm
2022-02-08 07:43:50,572 - ResourceManager : found /templates/macros/page/classifications.vm with loader org.apache.velocity.runtime.resource.loader.ClasspathResourceLoader
2022-02-08 07:43:50,572 - Velocimacro : added VM includeLead: source=/templates/macros/page/lead.vm
2022-02-08 07:43:50,573 - ResourceManager : found /templates/macros/page/lead.vm with loader org.apache.velocity.runtime.resource.loader.ClasspathResourceLoader
2022-02-08 07:43:50,574 - Velocimacro : added VM includeNavigation: source=/templates/macros/page/navigation.vm
2022-02-08 07:43:50,574 - ResourceManager : found /templates/macros/page/navigation.vm with loader org.apache.velocity.runtime.resource.loader.ClasspathResourceLoader
2022-02-08 07:43:50,575 - Velocimacro : added VM includeReportInfo: source=/templates/macros/page/reportInfo.vm
2022-02-08 07:43:50,575 - ResourceManager : found /templates/macros/page/reportInfo.vm with loader org.apache.velocity.runtime.resource.loader.ClasspathResourceLoader
2022-02-08 07:43:50,576 - Velocimacro : added VM includeTitle: source=/templates/macros/page/title.vm
2022-02-08 07:43:50,576 - ResourceManager : found /templates/macros/page/title.vm with loader org.apache.velocity.runtime.resource.loader.ClasspathResourceLoader
2022-02-08 07:43:50,576 - Velocimacro : added VM includeExpandingButtons: source=/templates/macros/report/expandAllButtons.vm
2022-02-08 07:43:50,576 - ResourceManager : found /templates/macros/report/expandAllButtons.vm with loader org.apache.velocity.runtime.resource.loader.ClasspathResourceLoader
2022-02-08 07:43:50,580 - Velocimacro : added VM includeReportTable: source=/templates/macros/report/reportTable.vm
2022-02-08 07:43:50,580 - ResourceManager : found /templates/macros/report/reportTable.vm with loader org.apache.velocity.runtime.resource.loader.ClasspathResourceLoader
2022-02-08 07:43:50,582 - Velocimacro : added VM includeReportHeader: source=/templates/macros/report/reportHeader.vm
2022-02-08 07:43:50,582 - ResourceManager : found /templates/macros/report/reportHeader.vm with loader org.apache.velocity.runtime.resource.loader.ClasspathResourceLoader
2022-02-08 07:43:50,585 - Velocimacro : added VM includeStatsTable: source=/templates/macros/report/statsTable.vm
2022-02-08 07:43:50,585 - ResourceManager : found /templates/macros/report/statsTable.vm with loader org.apache.velocity.runtime.resource.loader.ClasspathResourceLoader
2022-02-08 07:43:50,586 - Velocimacro : added VM includeBrief: source=/templates/macros/json/brief.vm
2022-02-08 07:43:50,586 - ResourceManager : found /templates/macros/json/brief.vm with loader org.apache.velocity.runtime.resource.loader.ClasspathResourceLoader
2022-02-08 07:43:50,586 - Velocimacro : added VM includeDocString: source=/templates/macros/json/docstring.vm
2022-02-08 07:43:50,586 - ResourceManager : found /templates/macros/json/docstring.vm with loader org.apache.velocity.runtime.resource.loader.ClasspathResourceLoader
2022-02-08 07:43:50,587 - Velocimacro : added VM includeDuration: source=/templates/macros/json/duration.vm
2022-02-08 07:43:50,587 - ResourceManager : found /templates/macros/json/duration.vm with loader org.apache.velocity.runtime.resource.loader.ClasspathResourceLoader
2022-02-08 07:43:50,588 - Velocimacro : added VM includeElement: source=/templates/macros/json/element.vm
2022-02-08 07:43:50,588 - ResourceManager : found /templates/macros/json/element.vm with loader org.apache.velocity.runtime.resource.loader.ClasspathResourceLoader
2022-02-08 07:43:50,594 - Velocimacro : added VM includeEmbeddings: source=/templates/macros/json/embeddings.vm
2022-02-08 07:43:50,594 - Velocimacro : added VM includeHtmlEmbedding: source=/templates/macros/json/embeddings.vm
2022-02-08 07:43:50,594 - Velocimacro : added VM includeVideoEmbedding: source=/templates/macros/json/embeddings.vm
2022-02-08 07:43:50,594 - Velocimacro : added VM includeImageEmbedding: source=/templates/macros/json/embeddings.vm
2022-02-08 07:43:50,594 - Velocimacro : added VM includeImageReferenceEmbedding: source=/templates/macros/json/embeddings.vm
2022-02-08 07:43:50,594 - Velocimacro : added VM includeTextEmbedding: source=/templates/macros/json/embeddings.vm
2022-02-08 07:43:50,594 - Velocimacro : added VM includeUnknownEmbedding: source=/templates/macros/json/embeddings.vm
2022-02-08 07:43:50,594 - ResourceManager : found /templates/macros/json/embeddings.vm with loader org.apache.velocity.runtime.resource.loader.ClasspathResourceLoader
2022-02-08 07:43:50,596 - Velocimacro : added VM includeHooks: source=/templates/macros/json/hooks.vm
2022-02-08 07:43:50,596 - ResourceManager : found /templates/macros/json/hooks.vm with loader org.apache.velocity.runtime.resource.loader.ClasspathResourceLoader
2022-02-08 07:43:50,597 - Velocimacro : added VM includeOutput: source=/templates/macros/json/output.vm
2022-02-08 07:43:50,597 - ResourceManager : found /templates/macros/json/output.vm with loader org.apache.velocity.runtime.resource.loader.ClasspathResourceLoader
2022-02-08 07:43:50,598 - Velocimacro : added VM includeMessage: source=/templates/macros/json/message.vm
2022-02-08 07:43:50,598 - ResourceManager : found /templates/macros/json/message.vm with loader org.apache.velocity.runtime.resource.loader.ClasspathResourceLoader
2022-02-08 07:43:50,599 - Velocimacro : added VM includeSteps: source=/templates/macros/json/steps.vm
2022-02-08 07:43:50,599 - ResourceManager : found /templates/macros/json/steps.vm with loader org.apache.velocity.runtime.resource.loader.ClasspathResourceLoader
2022-02-08 07:43:50,600 - Velocimacro : added VM includeStepName: source=/templates/macros/json/stepName.vm
2022-02-08 07:43:50,600 - ResourceManager : found /templates/macros/json/stepName.vm with loader org.apache.velocity.runtime.resource.loader.ClasspathResourceLoader
2022-02-08 07:43:50,600 - Velocimacro : added VM includeTags: source=/templates/macros/json/tags.vm
2022-02-08 07:43:50,600 - ResourceManager : found /templates/macros/json/tags.vm with loader org.apache.velocity.runtime.resource.loader.ClasspathResourceLoader
2022-02-08 07:43:50,605 - VM #includeNavigation: too few arguments to macro. Wanted 1 got 0
2022-02-08 07:43:50,606 - Left side ($active_tab) of '==' operation has null value. If it is a reference, it may not be in the context or its toString() returned null. /templates/macros/page/navigation.vm[line 14, column 51]
2022-02-08 07:43:50,606 - Left side ($active_tab) of '==' operation has null value. If it is a reference, it may not be in the context or its toString() returned null. /templates/macros/page/navigation.vm[line 15, column 51]
2022-02-08 07:43:50,606 - Left side ($active_tab) of '==' operation has null value. If it is a reference, it may not be in the context or its toString() returned null. /templates/macros/page/navigation.vm[line 16, column 51]
2022-02-08 07:43:50,606 - Left side ($active_tab) of '==' operation has null value. If it is a reference, it may not be in the context or its toString() returned null. /templates/macros/page/navigation.vm[line 20, column 51]
2022-02-08 07:43:50,618 - ResourceManager : found /templates/footer.vm with loader org.apache.velocity.runtime.resource.loader.ClasspathResourceLoader
2022-02-09 19:05:38,802 - Log4JLogChute initialized using file 'target/velocity.log'
2022-02-09 19:05:38,804 - Initializing Velocity, Calling init()...
2022-02-09 19:05:38,804 - Starting Apache Velocity v1.7 (compiled: 2010-11-19 12:14:37)
2022-02-09 19:05:38,804 - Default Properties File: org/apache/velocity/runtime/defaults/velocity.properties
2022-02-09 19:05:38,804 - Trying to use logger class org.apache.velocity.runtime.log.AvalonLogChute
2022-02-09 19:05:38,804 - Target log system for org.apache.velocity.runtime.log.AvalonLogChute is not available (java.lang.NoClassDefFoundError: org/apache/log/format/Formatter).  Falling back to next log system...
2022-02-09 19:05:38,804 - Trying to use logger class org.apache.velocity.runtime.log.Log4JLogChute
2022-02-09 19:05:38,804 - Using logger class org.apache.velocity.runtime.log.Log4JLogChute
2022-02-09 19:05:38,806 - ResourceLoader instantiated: org.apache.velocity.runtime.resource.loader.ClasspathResourceLoader
2022-02-09 19:05:38,815 - ResourceCache: initialized (class org.apache.velocity.runtime.resource.ResourceCacheImpl) with class java.util.Collections$SynchronizedMap cache map.
2022-02-09 19:05:38,816 - Loaded System Directive: org.apache.velocity.runtime.directive.Stop
2022-02-09 19:05:38,816 - Loaded System Directive: org.apache.velocity.runtime.directive.Define
2022-02-09 19:05:38,817 - Loaded System Directive: org.apache.velocity.runtime.directive.Break
2022-02-09 19:05:38,817 - Loaded System Directive: org.apache.velocity.runtime.directive.Evaluate
2022-02-09 19:05:38,818 - Loaded System Directive: org.apache.velocity.runtime.directive.Literal
2022-02-09 19:05:38,819 - Loaded System Directive: org.apache.velocity.runtime.directive.Macro
2022-02-09 19:05:38,820 - Loaded System Directive: org.apache.velocity.runtime.directive.Parse
2022-02-09 19:05:38,821 - Loaded System Directive: org.apache.velocity.runtime.directive.Include
2022-02-09 19:05:38,822 - Loaded System Directive: org.apache.velocity.runtime.directive.Foreach
2022-02-09 19:05:38,845 - Created '20' parsers.
2022-02-09 19:05:38,849 - Velocimacro : "velocimacro.library" is not set.  Trying default library: VM_global_library.vm
2022-02-09 19:05:38,850 - Could not load resource 'VM_global_library.vm' from ResourceLoader org.apache.velocity.runtime.resource.loader.ClasspathResourceLoader: ClasspathResourceLoader Error: cannot find resource VM_global_library.vm
2022-02-09 19:05:38,850 - Velocimacro : Default library not found.
2022-02-09 19:05:38,850 - Velocimacro : allowInline = true : VMs can be defined inline in templates
2022-02-09 19:05:38,850 - Velocimacro : allowInlineToOverride = false : VMs defined inline may NOT replace previous VM definitions
2022-02-09 19:05:38,850 - Velocimacro : allowInlineLocal = false : VMs defined inline will be global in scope if allowed.
2022-02-09 19:05:38,850 - Velocimacro : autoload off : VM system will not automatically reload global library macros
2022-02-09 19:05:38,946 - ResourceManager : found templates/generators/errorpage.vm with loader org.apache.velocity.runtime.resource.loader.ClasspathResourceLoader
2022-02-09 19:05:38,951 - ResourceManager : found /templates/headers.vm with loader org.apache.velocity.runtime.resource.loader.ClasspathResourceLoader
2022-02-09 19:05:38,952 - ResourceManager : found /templates/head.vm with loader org.apache.velocity.runtime.resource.loader.ClasspathResourceLoader
2022-02-09 19:05:38,955 - Velocimacro : added VM stringArray: source=/templates/macros/array.js.vm
2022-02-09 19:05:38,956 - Velocimacro : added VM numberArray: source=/templates/macros/array.js.vm
2022-02-09 19:05:38,956 - ResourceManager : found /templates/macros/array.js.vm with loader org.apache.velocity.runtime.resource.loader.ClasspathResourceLoader
2022-02-09 19:05:38,958 - Velocimacro : added VM includeBuildInfo: source=/templates/macros/page/buildinfo.vm
2022-02-09 19:05:38,958 - ResourceManager : found /templates/macros/page/buildinfo.vm with loader org.apache.velocity.runtime.resource.loader.ClasspathResourceLoader
2022-02-09 19:05:38,965 - Velocimacro : added VM includeClassifications: source=/templates/macros/page/classifications.vm
2022-02-09 19:05:38,966 - ResourceManager : found /templates/macros/page/classifications.vm with loader org.apache.velocity.runtime.resource.loader.ClasspathResourceLoader
2022-02-09 19:05:38,967 - Velocimacro : added VM includeLead: source=/templates/macros/page/lead.vm
2022-02-09 19:05:38,967 - ResourceManager : found /templates/macros/page/lead.vm with loader org.apache.velocity.runtime.resource.loader.ClasspathResourceLoader
2022-02-09 19:05:38,970 - Velocimacro : added VM includeNavigation: source=/templates/macros/page/navigation.vm
2022-02-09 19:05:38,970 - ResourceManager : found /templates/macros/page/navigation.vm with loader org.apache.velocity.runtime.resource.loader.ClasspathResourceLoader
2022-02-09 19:05:38,973 - Velocimacro : added VM includeReportInfo: source=/templates/macros/page/reportInfo.vm
2022-02-09 19:05:38,973 - ResourceManager : found /templates/macros/page/reportInfo.vm with loader org.apache.velocity.runtime.resource.loader.ClasspathResourceLoader
2022-02-09 19:05:38,975 - Velocimacro : added VM includeTitle: source=/templates/macros/page/title.vm
2022-02-09 19:05:38,975 - ResourceManager : found /templates/macros/page/title.vm with loader org.apache.velocity.runtime.resource.loader.ClasspathResourceLoader
2022-02-09 19:05:38,977 - Velocimacro : added VM includeExpandingButtons: source=/templates/macros/report/expandAllButtons.vm
2022-02-09 19:05:38,977 - ResourceManager : found /templates/macros/report/expandAllButtons.vm with loader org.apache.velocity.runtime.resource.loader.ClasspathResourceLoader
2022-02-09 19:05:38,983 - Velocimacro : added VM includeReportTable: source=/templates/macros/report/reportTable.vm
2022-02-09 19:05:38,983 - ResourceManager : found /templates/macros/report/reportTable.vm with loader org.apache.velocity.runtime.resource.loader.ClasspathResourceLoader
2022-02-09 19:05:38,985 - Velocimacro : added VM includeReportHeader: source=/templates/macros/report/reportHeader.vm
2022-02-09 19:05:38,985 - ResourceManager : found /templates/macros/report/reportHeader.vm with loader org.apache.velocity.runtime.resource.loader.ClasspathResourceLoader
2022-02-09 19:05:38,991 - Velocimacro : added VM includeStatsTable: source=/templates/macros/report/statsTable.vm
2022-02-09 19:05:38,992 - ResourceManager : found /templates/macros/report/statsTable.vm with loader org.apache.velocity.runtime.resource.loader.ClasspathResourceLoader
2022-02-09 19:05:38,993 - Velocimacro : added VM includeBrief: source=/templates/macros/json/brief.vm
2022-02-09 19:05:38,993 - ResourceManager : found /templates/macros/json/brief.vm with loader org.apache.velocity.runtime.resource.loader.ClasspathResourceLoader
2022-02-09 19:05:38,995 - Velocimacro : added VM includeDocString: source=/templates/macros/json/docstring.vm
2022-02-09 19:05:38,995 - ResourceManager : found /templates/macros/json/docstring.vm with loader org.apache.velocity.runtime.resource.loader.ClasspathResourceLoader
2022-02-09 19:05:38,996 - Velocimacro : added VM includeDuration: source=/templates/macros/json/duration.vm
2022-02-09 19:05:38,997 - ResourceManager : found /templates/macros/json/duration.vm with loader org.apache.velocity.runtime.resource.loader.ClasspathResourceLoader
2022-02-09 19:05:39,001 - Velocimacro : added VM includeElement: source=/templates/macros/json/element.vm
2022-02-09 19:05:39,001 - ResourceManager : found /templates/macros/json/element.vm with loader org.apache.velocity.runtime.resource.loader.ClasspathResourceLoader
2022-02-09 19:05:39,010 - Velocimacro : added VM includeEmbeddings: source=/templates/macros/json/embeddings.vm
2022-02-09 19:05:39,010 - Velocimacro : added VM includeHtmlEmbedding: source=/templates/macros/json/embeddings.vm
2022-02-09 19:05:39,010 - Velocimacro : added VM includeVideoEmbedding: source=/templates/macros/json/embeddings.vm
2022-02-09 19:05:39,011 - Velocimacro : added VM includeImageEmbedding: source=/templates/macros/json/embeddings.vm
2022-02-09 19:05:39,011 - Velocimacro : added VM includeImageReferenceEmbedding: source=/templates/macros/json/embeddings.vm
2022-02-09 19:05:39,011 - Velocimacro : added VM includeTextEmbedding: source=/templates/macros/json/embeddings.vm
2022-02-09 19:05:39,011 - Velocimacro : added VM includeUnknownEmbedding: source=/templates/macros/json/embeddings.vm
2022-02-09 19:05:39,011 - ResourceManager : found /templates/macros/json/embeddings.vm with loader org.apache.velocity.runtime.resource.loader.ClasspathResourceLoader
2022-02-09 19:05:39,013 - Velocimacro : added VM includeHooks: source=/templates/macros/json/hooks.vm
2022-02-09 19:05:39,013 - ResourceManager : found /templates/macros/json/hooks.vm with loader org.apache.velocity.runtime.resource.loader.ClasspathResourceLoader
2022-02-09 19:05:39,015 - Velocimacro : added VM includeOutput: source=/templates/macros/json/output.vm
2022-02-09 19:05:39,015 - ResourceManager : found /templates/macros/json/output.vm with loader org.apache.velocity.runtime.resource.loader.ClasspathResourceLoader
2022-02-09 19:05:39,016 - Velocimacro : added VM includeMessage: source=/templates/macros/json/message.vm
2022-02-09 19:05:39,016 - ResourceManager : found /templates/macros/json/message.vm with loader org.apache.velocity.runtime.resource.loader.ClasspathResourceLoader
2022-02-09 19:05:39,019 - Velocimacro : added VM includeSteps: source=/templates/macros/json/steps.vm
2022-02-09 19:05:39,019 - ResourceManager : found /templates/macros/json/steps.vm with loader org.apache.velocity.runtime.resource.loader.ClasspathResourceLoader
2022-02-09 19:05:39,021 - Velocimacro : added VM includeStepName: source=/templates/macros/json/stepName.vm
2022-02-09 19:05:39,021 - ResourceManager : found /templates/macros/json/stepName.vm with loader org.apache.velocity.runtime.resource.loader.ClasspathResourceLoader
2022-02-09 19:05:39,023 - Velocimacro : added VM includeTags: source=/templates/macros/json/tags.vm
2022-02-09 19:05:39,023 - ResourceManager : found /templates/macros/json/tags.vm with loader org.apache.velocity.runtime.resource.loader.ClasspathResourceLoader
2022-02-09 19:05:39,036 - VM #includeNavigation: too few arguments to macro. Wanted 1 got 0
2022-02-09 19:05:39,037 - Left side ($active_tab) of '==' operation has null value. If it is a reference, it may not be in the context or its toString() returned null. /templates/macros/page/navigation.vm[line 14, column 51]
2022-02-09 19:05:39,037 - Left side ($active_tab) of '==' operation has null value. If it is a reference, it may not be in the context or its toString() returned null. /templates/macros/page/navigation.vm[line 15, column 51]
2022-02-09 19:05:39,037 - Left side ($active_tab) of '==' operation has null value. If it is a reference, it may not be in the context or its toString() returned null. /templates/macros/page/navigation.vm[line 16, column 51]
2022-02-09 19:05:39,037 - Left side ($active_tab) of '==' operation has null value. If it is a reference, it may not be in the context or its toString() returned null. /templates/macros/page/navigation.vm[line 20, column 51]
2022-02-09 19:05:39,055 - ResourceManager : found /templates/footer.vm with loader org.apache.velocity.runtime.resource.loader.ClasspathResourceLoader
2022-02-09 19:07:13,899 - Log4JLogChute initialized using file 'target/velocity.log'
2022-02-09 19:07:13,899 - Initializing Velocity, Calling init()...
2022-02-09 19:07:13,899 - Starting Apache Velocity v1.7 (compiled: 2010-11-19 12:14:37)
2022-02-09 19:07:13,899 - Default Properties File: org/apache/velocity/runtime/defaults/velocity.properties
2022-02-09 19:07:13,899 - Trying to use logger class org.apache.velocity.runtime.log.AvalonLogChute
2022-02-09 19:07:13,899 - Target log system for org.apache.velocity.runtime.log.AvalonLogChute is not available (java.lang.NoClassDefFoundError: org/apache/log/format/Formatter).  Falling back to next log system...
2022-02-09 19:07:13,899 - Trying to use logger class org.apache.velocity.runtime.log.Log4JLogChute
2022-02-09 19:07:13,899 - Using logger class org.apache.velocity.runtime.log.Log4JLogChute
2022-02-09 19:07:13,901 - ResourceLoader instantiated: org.apache.velocity.runtime.resource.loader.ClasspathResourceLoader
2022-02-09 19:07:13,908 - ResourceCache: initialized (class org.apache.velocity.runtime.resource.ResourceCacheImpl) with class java.util.Collections$SynchronizedMap cache map.
2022-02-09 19:07:13,909 - Loaded System Directive: org.apache.velocity.runtime.directive.Stop
2022-02-09 19:07:13,909 - Loaded System Directive: org.apache.velocity.runtime.directive.Define
2022-02-09 19:07:13,910 - Loaded System Directive: org.apache.velocity.runtime.directive.Break
2022-02-09 19:07:13,910 - Loaded System Directive: org.apache.velocity.runtime.directive.Evaluate
2022-02-09 19:07:13,910 - Loaded System Directive: org.apache.velocity.runtime.directive.Literal
2022-02-09 19:07:13,911 - Loaded System Directive: org.apache.velocity.runtime.directive.Macro
2022-02-09 19:07:13,911 - Loaded System Directive: org.apache.velocity.runtime.directive.Parse
2022-02-09 19:07:13,912 - Loaded System Directive: org.apache.velocity.runtime.directive.Include
2022-02-09 19:07:13,913 - Loaded System Directive: org.apache.velocity.runtime.directive.Foreach
2022-02-09 19:07:13,932 - Created '20' parsers.
2022-02-09 19:07:13,936 - Velocimacro : "velocimacro.library" is not set.  Trying default library: VM_global_library.vm
2022-02-09 19:07:13,937 - Could not load resource 'VM_global_library.vm' from ResourceLoader org.apache.velocity.runtime.resource.loader.ClasspathResourceLoader: ClasspathResourceLoader Error: cannot find resource VM_global_library.vm
2022-02-09 19:07:13,937 - Velocimacro : Default library not found.
2022-02-09 19:07:13,937 - Velocimacro : allowInline = true : VMs can be defined inline in templates
2022-02-09 19:07:13,937 - Velocimacro : allowInlineToOverride = false : VMs defined inline may NOT replace previous VM definitions
2022-02-09 19:07:13,937 - Velocimacro : allowInlineLocal = false : VMs defined inline will be global in scope if allowed.
2022-02-09 19:07:13,937 - Velocimacro : autoload off : VM system will not automatically reload global library macros
2022-02-09 19:07:13,999 - ResourceManager : found templates/generators/errorpage.vm with loader org.apache.velocity.runtime.resource.loader.ClasspathResourceLoader
2022-02-09 19:07:14,002 - ResourceManager : found /templates/headers.vm with loader org.apache.velocity.runtime.resource.loader.ClasspathResourceLoader
2022-02-09 19:07:14,002 - ResourceManager : found /templates/head.vm with loader org.apache.velocity.runtime.resource.loader.ClasspathResourceLoader
2022-02-09 19:07:14,004 - Velocimacro : added VM stringArray: source=/templates/macros/array.js.vm
2022-02-09 19:07:14,004 - Velocimacro : added VM numberArray: source=/templates/macros/array.js.vm
2022-02-09 19:07:14,004 - ResourceManager : found /templates/macros/array.js.vm with loader org.apache.velocity.runtime.resource.loader.ClasspathResourceLoader
2022-02-09 19:07:14,005 - Velocimacro : added VM includeBuildInfo: source=/templates/macros/page/buildinfo.vm
2022-02-09 19:07:14,005 - ResourceManager : found /templates/macros/page/buildinfo.vm with loader org.apache.velocity.runtime.resource.loader.ClasspathResourceLoader
2022-02-09 19:07:14,007 - Velocimacro : added VM includeClassifications: source=/templates/macros/page/classifications.vm
2022-02-09 19:07:14,007 - ResourceManager : found /templates/macros/page/classifications.vm with loader org.apache.velocity.runtime.resource.loader.ClasspathResourceLoader
2022-02-09 19:07:14,007 - Velocimacro : added VM includeLead: source=/templates/macros/page/lead.vm
2022-02-09 19:07:14,007 - ResourceManager : found /templates/macros/page/lead.vm with loader org.apache.velocity.runtime.resource.loader.ClasspathResourceLoader
2022-02-09 19:07:14,009 - Velocimacro : added VM includeNavigation: source=/templates/macros/page/navigation.vm
2022-02-09 19:07:14,009 - ResourceManager : found /templates/macros/page/navigation.vm with loader org.apache.velocity.runtime.resource.loader.ClasspathResourceLoader
2022-02-09 19:07:14,010 - Velocimacro : added VM includeReportInfo: source=/templates/macros/page/reportInfo.vm
2022-02-09 19:07:14,010 - ResourceManager : found /templates/macros/page/reportInfo.vm with loader org.apache.velocity.runtime.resource.loader.ClasspathResourceLoader
2022-02-09 19:07:14,010 - Velocimacro : added VM includeTitle: source=/templates/macros/page/title.vm
2022-02-09 19:07:14,011 - ResourceManager : found /templates/macros/page/title.vm with loader org.apache.velocity.runtime.resource.loader.ClasspathResourceLoader
2022-02-09 19:07:14,011 - Velocimacro : added VM includeExpandingButtons: source=/templates/macros/report/expandAllButtons.vm
2022-02-09 19:07:14,011 - ResourceManager : found /templates/macros/report/expandAllButtons.vm with loader org.apache.velocity.runtime.resource.loader.ClasspathResourceLoader
2022-02-09 19:07:14,014 - Velocimacro : added VM includeReportTable: source=/templates/macros/report/reportTable.vm
2022-02-09 19:07:14,014 - ResourceManager : found /templates/macros/report/reportTable.vm with loader org.apache.velocity.runtime.resource.loader.ClasspathResourceLoader
2022-02-09 19:07:14,014 - Velocimacro : added VM includeReportHeader: source=/templates/macros/report/reportHeader.vm
2022-02-09 19:07:14,014 - ResourceManager : found /templates/macros/report/reportHeader.vm with loader org.apache.velocity.runtime.resource.loader.ClasspathResourceLoader
2022-02-09 19:07:14,018 - Velocimacro : added VM includeStatsTable: source=/templates/macros/report/statsTable.vm
2022-02-09 19:07:14,018 - ResourceManager : found /templates/macros/report/statsTable.vm with loader org.apache.velocity.runtime.resource.loader.ClasspathResourceLoader
2022-02-09 19:07:14,019 - Velocimacro : added VM includeBrief: source=/templates/macros/json/brief.vm
2022-02-09 19:07:14,019 - ResourceManager : found /templates/macros/json/brief.vm with loader org.apache.velocity.runtime.resource.loader.ClasspathResourceLoader
2022-02-09 19:07:14,020 - Velocimacro : added VM includeDocString: source=/templates/macros/json/docstring.vm
2022-02-09 19:07:14,020 - ResourceManager : found /templates/macros/json/docstring.vm with loader org.apache.velocity.runtime.resource.loader.ClasspathResourceLoader
2022-02-09 19:07:14,020 - Velocimacro : added VM includeDuration: source=/templates/macros/json/duration.vm
2022-02-09 19:07:14,020 - ResourceManager : found /templates/macros/json/duration.vm with loader org.apache.velocity.runtime.resource.loader.ClasspathResourceLoader
2022-02-09 19:07:14,022 - Velocimacro : added VM includeElement: source=/templates/macros/json/element.vm
2022-02-09 19:07:14,022 - ResourceManager : found /templates/macros/json/element.vm with loader org.apache.velocity.runtime.resource.loader.ClasspathResourceLoader
2022-02-09 19:07:14,027 - Velocimacro : added VM includeEmbeddings: source=/templates/macros/json/embeddings.vm
2022-02-09 19:07:14,028 - Velocimacro : added VM includeHtmlEmbedding: source=/templates/macros/json/embeddings.vm
2022-02-09 19:07:14,028 - Velocimacro : added VM includeVideoEmbedding: source=/templates/macros/json/embeddings.vm
2022-02-09 19:07:14,028 - Velocimacro : added VM includeImageEmbedding: source=/templates/macros/json/embeddings.vm
2022-02-09 19:07:14,028 - Velocimacro : added VM includeImageReferenceEmbedding: source=/templates/macros/json/embeddings.vm
2022-02-09 19:07:14,028 - Velocimacro : added VM includeTextEmbedding: source=/templates/macros/json/embeddings.vm
2022-02-09 19:07:14,028 - Velocimacro : added VM includeUnknownEmbedding: source=/templates/macros/json/embeddings.vm
2022-02-09 19:07:14,028 - ResourceManager : found /templates/macros/json/embeddings.vm with loader org.apache.velocity.runtime.resource.loader.ClasspathResourceLoader
2022-02-09 19:07:14,029 - Velocimacro : added VM includeHooks: source=/templates/macros/json/hooks.vm
2022-02-09 19:07:14,029 - ResourceManager : found /templates/macros/json/hooks.vm with loader org.apache.velocity.runtime.resource.loader.ClasspathResourceLoader
2022-02-09 19:07:14,030 - Velocimacro : added VM includeOutput: source=/templates/macros/json/output.vm
2022-02-09 19:07:14,031 - ResourceManager : found /templates/macros/json/output.vm with loader org.apache.velocity.runtime.resource.loader.ClasspathResourceLoader
2022-02-09 19:07:14,031 - Velocimacro : added VM includeMessage: source=/templates/macros/json/message.vm
2022-02-09 19:07:14,031 - ResourceManager : found /templates/macros/json/message.vm with loader org.apache.velocity.runtime.resource.loader.ClasspathResourceLoader
2022-02-09 19:07:14,033 - Velocimacro : added VM includeSteps: source=/templates/macros/json/steps.vm
2022-02-09 19:07:14,033 - ResourceManager : found /templates/macros/json/steps.vm with loader org.apache.velocity.runtime.resource.loader.ClasspathResourceLoader
2022-02-09 19:07:14,034 - Velocimacro : added VM includeStepName: source=/templates/macros/json/stepName.vm
2022-02-09 19:07:14,034 - ResourceManager : found /templates/macros/json/stepName.vm with loader org.apache.velocity.runtime.resource.loader.ClasspathResourceLoader
2022-02-09 19:07:14,034 - Velocimacro : added VM includeTags: source=/templates/macros/json/tags.vm
2022-02-09 19:07:14,034 - ResourceManager : found /templates/macros/json/tags.vm with loader org.apache.velocity.runtime.resource.loader.ClasspathResourceLoader
2022-02-09 19:07:14,041 - VM #includeNavigation: too few arguments to macro. Wanted 1 got 0
2022-02-09 19:07:14,042 - Left side ($active_tab) of '==' operation has null value. If it is a reference, it may not be in the context or its toString() returned null. /templates/macros/page/navigation.vm[line 14, column 51]
2022-02-09 19:07:14,042 - Left side ($active_tab) of '==' operation has null value. If it is a reference, it may not be in the context or its toString() returned null. /templates/macros/page/navigation.vm[line 15, column 51]
2022-02-09 19:07:14,042 - Left side ($active_tab) of '==' operation has null value. If it is a reference, it may not be in the context or its toString() returned null. /templates/macros/page/navigation.vm[line 16, column 51]
2022-02-09 19:07:14,042 - Left side ($active_tab) of '==' operation has null value. If it is a reference, it may not be in the context or its toString() returned null. /templates/macros/page/navigation.vm[line 20, column 51]
2022-02-09 19:07:14,056 - ResourceManager : found /templates/footer.vm with loader org.apache.velocity.runtime.resource.loader.ClasspathResourceLoader
